#
# There is insufficient memory for the Java Runtime Environment to continue.
# Native memory allocation (malloc) failed to allocate 32744 bytes for ChunkPool::allocate
# Possible reasons:
#   The system is out of physical RAM or swap space
#   In 32 bit mode, the process size limit was hit
# Possible solutions:
#   Reduce memory load on the system
#   Increase physical memory or swap space
#   Check if swap backing store is full
#   Use 64 bit Java on a 64 bit OS
#   Decrease Java heap size (-Xmx/-Xms)
#   Decrease number of Java threads
#   Decrease Java thread stack sizes (-Xss)
#   Set larger code cache with -XX:ReservedCodeCacheSize=
# This output file may be truncated or incomplete.
#
#  Out of Memory Error (allocation.cpp:211), pid=1632, tid=31420
#
# JRE version: Java(TM) SE Runtime Environment (7.0_75-b13) (build 1.7.0_75-b13)
# Java VM: Java HotSpot(TM) 64-Bit Server VM (24.75-b04 mixed mode windows-amd64 compressed oops)
# Failed to write core dump. Minidumps are not enabled by default on client versions of Windows
#

---------------  T H R E A D  ---------------

Current thread (0x000000000af75000):  JavaThread "C2 CompilerThread1" daemon [_thread_in_native, id=31420, stack(0x000000000c8a0000,0x000000000c9a0000)]

Stack: [0x000000000c8a0000,0x000000000c9a0000]
[error occurred during error reporting (printing stack bounds), id 0xc0000005]


[error occurred during error reporting (printing native stack), id 0xc0000005]


Current CompileTask:
C2:  25200  813   !         com.sun.org.apache.xerces.internal.impl.XMLDocumentFragmentScannerImpl$FragmentContentDriver::next (2345 bytes)


---------------  P R O C E S S  ---------------

Java Threads: ( => current thread )
  0x000000000d354800 JavaThread "localhost-startStop-1" daemon [_thread_in_Java, id=29372, stack(0x000000000e920000,0x000000000ea20000)]
  0x000000000dd9c000 JavaThread "Tomcat-startStop-1" daemon [_thread_blocked, id=27060, stack(0x000000000e820000,0x000000000e920000)]
  0x000000000af76000 JavaThread "Service Thread" daemon [_thread_blocked, id=5004, stack(0x000000000c9a0000,0x000000000caa0000)]
=>0x000000000af75000 JavaThread "C2 CompilerThread1" daemon [_thread_in_native, id=31420, stack(0x000000000c8a0000,0x000000000c9a0000)]
  0x000000000af68000 JavaThread "C2 CompilerThread0" daemon [_thread_blocked, id=28808, stack(0x000000000c7a0000,0x000000000c8a0000)]
  0x000000000af56000 JavaThread "JDWP Command Reader" daemon [_thread_in_native, id=14244, stack(0x000000000c6a0000,0x000000000c7a0000)]
  0x000000000af53000 JavaThread "JDWP Event Helper Thread" daemon [_thread_blocked, id=15204, stack(0x000000000c5a0000,0x000000000c6a0000)]
  0x000000000af50000 JavaThread "JDWP Transport Listener: dt_socket" daemon [_thread_blocked, id=32176, stack(0x000000000c4a0000,0x000000000c5a0000)]
  0x000000000af3f000 JavaThread "Attach Listener" daemon [_thread_blocked, id=31340, stack(0x000000000c3a0000,0x000000000c4a0000)]
  0x000000000af3b800 JavaThread "Signal Dispatcher" daemon [_thread_blocked, id=32484, stack(0x000000000c2a0000,0x000000000c3a0000)]
  0x000000000aef0000 JavaThread "Finalizer" daemon [_thread_blocked, id=10784, stack(0x000000000c1a0000,0x000000000c2a0000)]
  0x000000000aee6800 JavaThread "Reference Handler" daemon [_thread_blocked, id=20356, stack(0x000000000c0a0000,0x000000000c1a0000)]
  0x00000000028fe800 JavaThread "main" [_thread_blocked, id=20412, stack(0x00000000027e0000,0x00000000028e0000)]

Other Threads:
  0x000000000aee2800 VMThread [stack: 0x000000000bfa0000,0x000000000c0a0000] [id=29200]
  0x000000000af81800 WatcherThread [stack: 0x000000000caa0000,0x000000000cba0000] [id=31416]

VM state:not at safepoint (normal execution)

VM Mutex/Monitor currently owned by a thread: None

Heap
 PSYoungGen      total 278528K, used 79708K [0x00000007d6d00000, 0x00000007f4480000, 0x0000000800000000)
  eden space 247296K, 19% used [0x00000007d6d00000,0x00000007d9c57d30,0x00000007e5e80000)
  from space 31232K, 99% used [0x00000007e5e80000,0x00000007e7cff660,0x00000007e7d00000)
  to   space 43520K, 0% used [0x00000007f1a00000,0x00000007f1a00000,0x00000007f4480000)
 ParOldGen       total 83968K, used 52523K [0x0000000784800000, 0x0000000789a00000, 0x00000007d6d00000)
  object space 83968K, 62% used [0x0000000784800000,0x0000000787b4ae40,0x0000000789a00000)
 PSPermGen       total 27136K, used 27103K [0x000000077f600000, 0x0000000781080000, 0x0000000784800000)
  object space 27136K, 99% used [0x000000077f600000,0x0000000781077c98,0x0000000781080000)

Card table byte_map: [0x0000000005e90000,0x00000000062a0000] byte_map_base: 0x0000000002295000

Polling page: 0x0000000000f70000

Code Cache  [0x0000000002dd0000, 0x00000000030c0000, 0x0000000005dd0000)
 total_blobs=1094 nmethods=758 adapters=296 free_code_cache=46352Kb largest_free_block=47314624

Compilation events (10 events):
Event: 16.538 Thread 0x000000000af75000  809             java.nio.charset.CoderResult::isUnderflow (13 bytes)
Event: 16.539 Thread 0x000000000af75000 nmethod 809 0x0000000002f64510 code [0x0000000002f64640, 0x0000000002f646b8]
Event: 16.545 Thread 0x000000000af68000  810 % !         org.apache.catalina.startup.ContextConfig::processResourceJARs @ 72 (349 bytes)
Event: 16.583 Thread 0x000000000af68000 nmethod 810% 0x00000000030ab4d0 code [0x00000000030ab900, 0x00000000030ae110]
Event: 25.154 Thread 0x000000000af75000  811             com.sun.org.apache.xerces.internal.util.XMLChar::isNameStart (22 bytes)
Event: 25.154 Thread 0x000000000af75000 nmethod 811 0x0000000003083950 code [0x0000000003083a80, 0x0000000003083af8]
Event: 25.159 Thread 0x000000000af68000  812             com.sun.org.apache.xerces.internal.util.XMLStringBuffer::clear (11 bytes)
Event: 25.159 Thread 0x000000000af68000 nmethod 812 0x0000000003083750 code [0x0000000003083880, 0x00000000030838d8]
Event: 25.168 Thread 0x000000000af75000  813   !         com.sun.org.apache.xerces.internal.impl.XMLDocumentFragmentScannerImpl$FragmentContentDriver::next (2345 bytes)
Event: 25.183 Thread 0x000000000af68000  814             com.sun.org.apache.xerces.internal.impl.XMLDocumentFragmentScannerImpl$FragmentContentDriver::checkLimit (269 bytes)

GC Heap History (10 events):
Event: 8.296 GC heap before
{Heap before GC invocations=5 (full 0):
 PSYoungGen      total 69632K, used 69624K [0x00000007d6d00000, 0x00000007db600000, 0x0000000800000000)
  eden space 64512K, 100% used [0x00000007d6d00000,0x00000007dac00000,0x00000007dac00000)
  from space 5120K, 99% used [0x00000007db100000,0x00000007db5fe030,0x00000007db600000)
  to   space 5120K, 0% used [0x00000007dac00000,0x00000007dac00000,0x00000007db100000)
 ParOldGen       total 83968K, used 6515K [0x0000000784800000, 0x0000000789a00000, 0x00000007d6d00000)
  object space 83968K, 7% used [0x0000000784800000,0x0000000784e5cca8,0x0000000789a00000)
 PSPermGen       total 21504K, used 19757K [0x000000077f600000, 0x0000000780b00000, 0x0000000784800000)
  object space 21504K, 91% used [0x000000077f600000,0x000000078094b430,0x0000000780b00000)
Event: 8.309 GC heap after
Heap after GC invocations=5 (full 0):
 PSYoungGen      total 69632K, used 5104K [0x00000007d6d00000, 0x00000007e0500000, 0x0000000800000000)
  eden space 64512K, 0% used [0x00000007d6d00000,0x00000007d6d00000,0x00000007dac00000)
  from space 5120K, 99% used [0x00000007dac00000,0x00000007db0fc010,0x00000007db100000)
  to   space 13312K, 0% used [0x00000007df800000,0x00000007df800000,0x00000007e0500000)
 ParOldGen       total 83968K, used 15134K [0x0000000784800000, 0x0000000789a00000, 0x00000007d6d00000)
  object space 83968K, 18% used [0x0000000784800000,0x00000007856c7b90,0x0000000789a00000)
 PSPermGen       total 21504K, used 19757K [0x000000077f600000, 0x0000000780b00000, 0x0000000784800000)
  object space 21504K, 91% used [0x000000077f600000,0x000000078094b430,0x0000000780b00000)
}
Event: 11.811 GC heap before
{Heap before GC invocations=6 (full 0):
 PSYoungGen      total 69632K, used 69616K [0x00000007d6d00000, 0x00000007e0500000, 0x0000000800000000)
  eden space 64512K, 100% used [0x00000007d6d00000,0x00000007dac00000,0x00000007dac00000)
  from space 5120K, 99% used [0x00000007dac00000,0x00000007db0fc010,0x00000007db100000)
  to   space 13312K, 0% used [0x00000007df800000,0x00000007df800000,0x00000007e0500000)
 ParOldGen       total 83968K, used 15134K [0x0000000784800000, 0x0000000789a00000, 0x00000007d6d00000)
  object space 83968K, 18% used [0x0000000784800000,0x00000007856c7b90,0x0000000789a00000)
 PSPermGen       total 26112K, used 25961K [0x000000077f600000, 0x0000000780f80000, 0x0000000784800000)
  object space 26112K, 99% used [0x000000077f600000,0x0000000780f5a718,0x0000000780f80000)
Event: 11.837 GC heap after
Heap after GC invocations=6 (full 0):
 PSYoungGen      total 140288K, used 12852K [0x00000007d6d00000, 0x00000007e0900000, 0x0000000800000000)
  eden space 126976K, 0% used [0x00000007d6d00000,0x00000007d6d00000,0x00000007de900000)
  from space 13312K, 96% used [0x00000007df800000,0x00000007e048d1b8,0x00000007e0500000)
  to   space 15360K, 0% used [0x00000007de900000,0x00000007de900000,0x00000007df800000)
 ParOldGen       total 83968K, used 15142K [0x0000000784800000, 0x0000000789a00000, 0x00000007d6d00000)
  object space 83968K, 18% used [0x0000000784800000,0x00000007856c9b90,0x0000000789a00000)
 PSPermGen       total 26112K, used 25961K [0x000000077f600000, 0x0000000780f80000, 0x0000000784800000)
  object space 26112K, 99% used [0x000000077f600000,0x0000000780f5a718,0x0000000780f80000)
}
Event: 13.086 GC heap before
{Heap before GC invocations=7 (full 0):
 PSYoungGen      total 140288K, used 139828K [0x00000007d6d00000, 0x00000007e0900000, 0x0000000800000000)
  eden space 126976K, 100% used [0x00000007d6d00000,0x00000007de900000,0x00000007de900000)
  from space 13312K, 96% used [0x00000007df800000,0x00000007e048d1b8,0x00000007e0500000)
  to   space 15360K, 0% used [0x00000007de900000,0x00000007de900000,0x00000007df800000)
 ParOldGen       total 83968K, used 15142K [0x0000000784800000, 0x0000000789a00000, 0x00000007d6d00000)
  object space 83968K, 18% used [0x0000000784800000,0x00000007856c9b90,0x0000000789a00000)
 PSPermGen       total 26624K, used 26450K [0x000000077f600000, 0x0000000781000000, 0x0000000784800000)
  object space 26624K, 99% used [0x000000077f600000,0x0000000780fd48c0,0x0000000781000000)
Event: 13.121 GC heap after
Heap after GC invocations=7 (full 0):
 PSYoungGen      total 142336K, used 15328K [0x00000007d6d00000, 0x00000007e9500000, 0x0000000800000000)
  eden space 126976K, 0% used [0x00000007d6d00000,0x00000007d6d00000,0x00000007de900000)
  from space 15360K, 99% used [0x00000007de900000,0x00000007df7f82f8,0x00000007df800000)
  to   space 24576K, 0% used [0x00000007e7d00000,0x00000007e7d00000,0x00000007e9500000)
 ParOldGen       total 83968K, used 28604K [0x0000000784800000, 0x0000000789a00000, 0x00000007d6d00000)
  object space 83968K, 34% used [0x0000000784800000,0x00000007863ef030,0x0000000789a00000)
 PSPermGen       total 26624K, used 26450K [0x000000077f600000, 0x0000000781000000, 0x0000000784800000)
  object space 26624K, 99% used [0x000000077f600000,0x0000000780fd48c0,0x0000000781000000)
}
Event: 14.166 GC heap before
{Heap before GC invocations=8 (full 0):
 PSYoungGen      total 142336K, used 142304K [0x00000007d6d00000, 0x00000007e9500000, 0x0000000800000000)
  eden space 126976K, 100% used [0x00000007d6d00000,0x00000007de900000,0x00000007de900000)
  from space 15360K, 99% used [0x00000007de900000,0x00000007df7f82f8,0x00000007df800000)
  to   space 24576K, 0% used [0x00000007e7d00000,0x00000007e7d00000,0x00000007e9500000)
 ParOldGen       total 83968K, used 28604K [0x0000000784800000, 0x0000000789a00000, 0x00000007d6d00000)
  object space 83968K, 34% used [0x0000000784800000,0x00000007863ef030,0x0000000789a00000)
 PSPermGen       total 26624K, used 26474K [0x000000077f600000, 0x0000000781000000, 0x0000000784800000)
  object space 26624K, 99% used [0x000000077f600000,0x0000000780fda968,0x0000000781000000)
Event: 14.204 GC heap after
Heap after GC invocations=8 (full 0):
 PSYoungGen      total 271872K, used 24552K [0x00000007d6d00000, 0x00000007ea200000, 0x0000000800000000)
  eden space 247296K, 0% used [0x00000007d6d00000,0x00000007d6d00000,0x00000007e5e80000)
  from space 24576K, 99% used [0x00000007e7d00000,0x00000007e94fa0d0,0x00000007e9500000)
  to   space 31232K, 0% used [0x00000007e5e80000,0x00000007e5e80000,0x00000007e7d00000)
 ParOldGen       total 83968K, used 35062K [0x0000000784800000, 0x0000000789a00000, 0x00000007d6d00000)
  object space 83968K, 41% used [0x0000000784800000,0x0000000786a3dbd8,0x0000000789a00000)
 PSPermGen       total 26624K, used 26474K [0x000000077f600000, 0x0000000781000000, 0x0000000784800000)
  object space 26624K, 99% used [0x000000077f600000,0x0000000780fda968,0x0000000781000000)
}
Event: 15.348 GC heap before
{Heap before GC invocations=9 (full 0):
 PSYoungGen      total 271872K, used 271848K [0x00000007d6d00000, 0x00000007ea200000, 0x0000000800000000)
  eden space 247296K, 100% used [0x00000007d6d00000,0x00000007e5e80000,0x00000007e5e80000)
  from space 24576K, 99% used [0x00000007e7d00000,0x00000007e94fa0d0,0x00000007e9500000)
  to   space 31232K, 0% used [0x00000007e5e80000,0x00000007e5e80000,0x00000007e7d00000)
 ParOldGen       total 83968K, used 35062K [0x0000000784800000, 0x0000000789a00000, 0x00000007d6d00000)
  object space 83968K, 41% used [0x0000000784800000,0x0000000786a3dbd8,0x0000000789a00000)
 PSPermGen       total 26624K, used 26483K [0x000000077f600000, 0x0000000781000000, 0x0000000784800000)
  object space 26624K, 99% used [0x000000077f600000,0x0000000780fdcc88,0x0000000781000000)
Event: 15.395 GC heap after
Heap after GC invocations=9 (full 0):
 PSYoungGen      total 278528K, used 31229K [0x00000007d6d00000, 0x00000007f4480000, 0x0000000800000000)
  eden space 247296K, 0% used [0x00000007d6d00000,0x00000007d6d00000,0x00000007e5e80000)
  from space 31232K, 99% used [0x00000007e5e80000,0x00000007e7cff660,0x00000007e7d00000)
  to   space 43520K, 0% used [0x00000007f1a00000,0x00000007f1a00000,0x00000007f4480000)
 ParOldGen       total 83968K, used 52523K [0x0000000784800000, 0x0000000789a00000, 0x00000007d6d00000)
  object space 83968K, 62% used [0x0000000784800000,0x0000000787b4ae40,0x0000000789a00000)
 PSPermGen       total 26624K, used 26483K [0x000000077f600000, 0x0000000781000000, 0x0000000784800000)
  object space 26624K, 99% used [0x000000077f600000,0x0000000780fdcc88,0x0000000781000000)
}

Deoptimization events (10 events):
Event: 21.282 Thread 0x000000000d354800 Uncommon trap: reason=class_check action=maybe_recompile pc=0x0000000002f680bc method=java.util.ComparableTimSort.gallopRight(Ljava/lang/Comparable;[Ljava/lang/Object;III)I @ 42
Event: 21.282 Thread 0x000000000d354800 Uncommon trap: reason=class_check action=maybe_recompile pc=0x0000000002f680bc method=java.util.ComparableTimSort.gallopRight(Ljava/lang/Comparable;[Ljava/lang/Object;III)I @ 42
Event: 25.144 Thread 0x000000000d354800 Uncommon trap: reason=null_check action=make_not_entrant pc=0x000000000300c264 method=com.sun.org.apache.xerces.internal.utils.XMLLimitAnalyzer.isTracking(Ljava/lang/String;)Z @ 14
Event: 25.144 Thread 0x000000000d354800 Uncommon trap: reason=class_check action=maybe_recompile pc=0x0000000002ffdd54 method=com.sun.org.apache.xerces.internal.impl.XMLDocumentFragmentScannerImpl.scanDocument(Z)Z @ 103
Event: 25.150 Thread 0x000000000d354800 Uncommon trap: reason=class_check action=maybe_recompile pc=0x0000000002ff3088 method=com.sun.org.apache.xerces.internal.impl.XMLDocumentFragmentScannerImpl.scanDocument(Z)Z @ 103
Event: 25.152 Thread 0x000000000d354800 Uncommon trap: reason=class_check action=maybe_recompile pc=0x0000000002ffdd54 method=com.sun.org.apache.xerces.internal.impl.XMLDocumentFragmentScannerImpl.scanDocument(Z)Z @ 103
Event: 25.157 Thread 0x000000000d354800 Uncommon trap: reason=class_check action=maybe_recompile pc=0x0000000002ff3088 method=com.sun.org.apache.xerces.internal.impl.XMLDocumentFragmentScannerImpl.scanDocument(Z)Z @ 103
Event: 25.157 Thread 0x000000000d354800 Uncommon trap: reason=class_check action=maybe_recompile pc=0x0000000002ebb81c method=java.nio.charset.CharsetDecoder.reset()Ljava/nio/charset/CharsetDecoder; @ 1
Event: 25.161 Thread 0x000000000d354800 Uncommon trap: reason=class_check action=maybe_recompile pc=0x0000000002ffdd54 method=com.sun.org.apache.xerces.internal.impl.XMLDocumentFragmentScannerImpl.scanDocument(Z)Z @ 103
Event: 25.176 Thread 0x000000000d354800 Uncommon trap: reason=class_check action=maybe_recompile pc=0x0000000002ebb81c method=java.nio.charset.CharsetDecoder.reset()Ljava/nio/charset/CharsetDecoder; @ 1

Internal exceptions (10 events):
Event: 17.519 Thread 0x000000000d354800 Threw 0x00000007d9661708 at C:\re\jdk7u75\1940\hotspot\src\share\vm\prims\jvm.cpp:1281
Event: 17.520 Thread 0x000000000d354800 Threw 0x00000007d9667258 at C:\re\jdk7u75\1940\hotspot\src\share\vm\prims\jvm.cpp:1281
Event: 17.520 Thread 0x000000000d354800 Threw 0x00000007d9667888 at C:\re\jdk7u75\1940\hotspot\src\share\vm\prims\jvm.cpp:1281
Event: 17.520 Thread 0x000000000d354800 Threw 0x00000007d9667fc8 at C:\re\jdk7u75\1940\hotspot\src\share\vm\prims\jvm.cpp:1281
Event: 17.520 Thread 0x000000000d354800 Threw 0x00000007d9676d50 at C:\re\jdk7u75\1940\hotspot\src\share\vm\prims\jvm.cpp:1281
Event: 17.520 Thread 0x000000000d354800 Threw 0x00000007d967cbe8 at C:\re\jdk7u75\1940\hotspot\src\share\vm\prims\jvm.cpp:1281
Event: 17.520 Thread 0x000000000d354800 Threw 0x00000007d967d238 at C:\re\jdk7u75\1940\hotspot\src\share\vm\prims\jvm.cpp:1281
Event: 17.520 Thread 0x000000000d354800 Threw 0x00000007d967d998 at C:\re\jdk7u75\1940\hotspot\src\share\vm\prims\jvm.cpp:1281
Event: 25.111 Thread 0x000000000d354800 Threw 0x00000007d9970ee8 at C:\re\jdk7u75\1940\hotspot\src\share\vm\prims\jvm.cpp:1281
Event: 25.144 Thread 0x000000000d354800 Implicit null exception at 0x00000000030089ab to 0x000000000300c24b

Events (10 events):
Event: 25.160 Thread 0x000000000d354800 DEOPT PACKING pc=0x0000000002f358fc sp=0x000000000ea1eca0
Event: 25.160 Thread 0x000000000d354800 DEOPT UNPACKING pc=0x0000000002e092b9 sp=0x000000000ea1e9c0 mode 1
Event: 25.161 Thread 0x000000000d354800 Uncommon trap: trap_request=0xffffffde fr.pc=0x0000000002ffdd54
Event: 25.161 Thread 0x000000000d354800 DEOPT PACKING pc=0x0000000002ffdd54 sp=0x000000000ea1ed50
Event: 25.161 Thread 0x000000000d354800 DEOPT UNPACKING pc=0x0000000002e075a4 sp=0x000000000ea1ed60 mode 2
Event: 25.176 Thread 0x000000000d354800 Uncommon trap: trap_request=0xffffffde fr.pc=0x0000000002ebb81c
Event: 25.176 Thread 0x000000000d354800 DEOPT PACKING pc=0x0000000002ebb81c sp=0x000000000ea1eab0
Event: 25.176 Thread 0x000000000d354800 DEOPT UNPACKING pc=0x0000000002e075a4 sp=0x000000000ea1ea50 mode 2
Event: 25.176 Thread 0x000000000d354800 DEOPT PACKING pc=0x0000000002f358fc sp=0x000000000ea1ecc0
Event: 25.176 Thread 0x000000000d354800 DEOPT UNPACKING pc=0x0000000002e092b9 sp=0x000000000ea1e9e0 mode 1


Dynamic libraries:
0x00007ff624710000 - 0x00007ff624743000 	C:\Program Files\Java\jdk1.7.0_75\bin\javaw.exe
0x00007fff34b10000 - 0x00007fff34cf1000 	C:\Windows\SYSTEM32\ntdll.dll
0x00007fff345c0000 - 0x00007fff34672000 	C:\Windows\System32\KERNEL32.DLL
0x00007fff317c0000 - 0x00007fff31a33000 	C:\Windows\System32\KERNELBASE.dll
0x00007fff34680000 - 0x00007fff34721000 	C:\Windows\System32\ADVAPI32.dll
0x00007fff31fa0000 - 0x00007fff3203e000 	C:\Windows\System32\msvcrt.dll
0x00007fff34530000 - 0x00007fff3458b000 	C:\Windows\System32\sechost.dll
0x00007fff34200000 - 0x00007fff34324000 	C:\Windows\System32\RPCRT4.dll
0x00007fff347e0000 - 0x00007fff34970000 	C:\Windows\System32\USER32.dll
0x00007fff31740000 - 0x00007fff31760000 	C:\Windows\System32\win32u.dll
0x00007fff33be0000 - 0x00007fff33c08000 	C:\Windows\System32\GDI32.dll
0x00007fff31ce0000 - 0x00007fff31e72000 	C:\Windows\System32\gdi32full.dll
0x00007fff31e80000 - 0x00007fff31f1f000 	C:\Windows\System32\msvcp_win.dll
0x00007fff30ee0000 - 0x00007fff30fda000 	C:\Windows\System32\ucrtbase.dll
0x00007fff27c10000 - 0x00007fff27e79000 	C:\Windows\WinSxS\amd64_microsoft.windows.common-controls_6595b64144ccf1df_6.0.17134.441_none_fb3e9b173068fb23\COMCTL32.dll
0x00007fff33ed0000 - 0x00007fff341f2000 	C:\Windows\System32\combase.dll
0x00007fff31f20000 - 0x00007fff31f9a000 	C:\Windows\System32\bcryptPrimitives.dll
0x00007fff34590000 - 0x00007fff345bd000 	C:\Windows\System32\IMM32.DLL
0x000000006c850000 - 0x000000006c922000 	C:\Program Files\Java\jdk1.7.0_75\jre\bin\msvcr100.dll
0x000000006a4c0000 - 0x000000006ac94000 	C:\Program Files\Java\jdk1.7.0_75\jre\bin\server\jvm.dll
0x00007fff32120000 - 0x00007fff32128000 	C:\Windows\System32\PSAPI.DLL
0x00007fff23cd0000 - 0x00007fff23cd9000 	C:\Windows\SYSTEM32\WSOCK32.dll
0x00007fff33d90000 - 0x00007fff33dfc000 	C:\Windows\System32\WS2_32.dll
0x00007fff23be0000 - 0x00007fff23c03000 	C:\Windows\SYSTEM32\WINMM.dll
0x00007fff21c80000 - 0x00007fff21caa000 	C:\Windows\SYSTEM32\WINMMBASE.dll
0x00007fff30fe0000 - 0x00007fff31029000 	C:\Windows\System32\cfgmgr32.dll
0x000000006bc50000 - 0x000000006bc5f000 	C:\Program Files\Java\jdk1.7.0_75\jre\bin\verify.dll
0x000000006bbf0000 - 0x000000006bc18000 	C:\Program Files\Java\jdk1.7.0_75\jre\bin\java.dll
0x000000006be50000 - 0x000000006be85000 	C:\Program Files\Java\jdk1.7.0_75\jre\bin\jdwp.dll
0x000000006be40000 - 0x000000006be48000 	C:\Program Files\Java\jdk1.7.0_75\jre\bin\npt.dll
0x000000006b900000 - 0x000000006b915000 	C:\Program Files\Java\jdk1.7.0_75\jre\bin\zip.dll
0x000000006be30000 - 0x000000006be39000 	C:\Program Files\Java\jdk1.7.0_75\jre\bin\dt_socket.dll
0x00007fff1f8f0000 - 0x00007fff1f91f000 	C:\Program Files (x86)\Sangfor\SSL\ClientComponent\SangforNspX64.dll
0x00007fff33a80000 - 0x00007fff33bd1000 	C:\Windows\System32\ole32.dll
0x00007fff33e00000 - 0x00007fff33ec2000 	C:\Windows\System32\OLEAUT32.dll
0x00007fff34a80000 - 0x00007fff34ad1000 	C:\Windows\System32\SHLWAPI.dll
0x00007fff1f8d0000 - 0x00007fff1f8e6000 	C:\Windows\system32\napinsp.dll
0x00007fff1f8b0000 - 0x00007fff1f8ca000 	C:\Windows\system32\pnrpnsp.dll
0x00007fff2dc00000 - 0x00007fff2dc19000 	C:\Windows\system32\NLAapi.dll
0x00007fff30680000 - 0x00007fff306e6000 	C:\Windows\System32\mswsock.dll
0x00007fff30440000 - 0x00007fff304fe000 	C:\Windows\SYSTEM32\DNSAPI.dll
0x00007fff347d0000 - 0x00007fff347d8000 	C:\Windows\System32\NSI.dll
0x00007fff30400000 - 0x00007fff30438000 	C:\Windows\SYSTEM32\IPHLPAPI.DLL
0x00007fff21800000 - 0x00007fff2180e000 	C:\Windows\System32\winrnr.dll
0x00007fff1f890000 - 0x00007fff1f8a5000 	C:\Windows\System32\wshbth.dll
0x00007fff2b0c0000 - 0x00007fff2b132000 	C:\Windows\System32\fwpuclnt.dll
0x00007fff30960000 - 0x00007fff30985000 	C:\Windows\SYSTEM32\bcrypt.dll
0x00007fff2b060000 - 0x00007fff2b06a000 	C:\Windows\System32\rasadhlp.dll
0x000000006b8e0000 - 0x000000006b8f9000 	C:\Program Files\Java\jdk1.7.0_75\jre\bin\net.dll
0x000000006b8c0000 - 0x000000006b8d1000 	C:\Program Files\Java\jdk1.7.0_75\jre\bin\nio.dll
0x00007fff30830000 - 0x00007fff30847000 	C:\Windows\SYSTEM32\CRYPTSP.dll
0x00007fff30260000 - 0x00007fff30293000 	C:\Windows\system32\rsaenh.dll
0x00007fff30d50000 - 0x00007fff30d78000 	C:\Windows\SYSTEM32\USERENV.dll
0x00007fff30e20000 - 0x00007fff30e3f000 	C:\Windows\System32\profapi.dll
0x00007fff30850000 - 0x00007fff3085b000 	C:\Windows\SYSTEM32\CRYPTBASE.dll
0x00007fff2b8b0000 - 0x00007fff2b8c6000 	C:\Windows\SYSTEM32\dhcpcsvc6.DLL
0x00007fff2b890000 - 0x00007fff2b8aa000 	C:\Windows\SYSTEM32\dhcpcsvc.DLL
0x000000006b880000 - 0x000000006b88b000 	C:\Program Files\Java\jdk1.7.0_75\jre\bin\management.dll

VM Arguments:
jvm_args: -agentlib:jdwp=transport=dt_socket,suspend=y,address=localhost:13356 -Dmaven.home=F:\repo\ego\apache-maven-3.3.3 -Dclassworlds.conf=F:\learnProject\ego\.metadata\.plugins\org.eclipse.m2e.launching\launches\m2conf2092625711480225553.tmp -Dmaven.multiModuleProjectDirectory=E:\BaiduNetdiskDownload\taiji\尚学堂百战\分布式项目\08. 分布式亿级高并发电商项目【北京尚学堂・百战程序员】\1. 电商Ego-基于SOA架构,使用Dubbo,逆向工程,分页插件完成商品查询\文档源码\04 代码\01 第一天全部代码\ego-parent\ego-item -Dfile.encoding=UTF-8 
java_command: org.codehaus.plexus.classworlds.launcher.Launcher -B -s F:\repo\ego\settings.xml clean tomcat7:run
Launcher Type: SUN_STANDARD

Environment Variables:
PATH=C:\Program Files\Java\jdk1.7.0_75\jre\bin;D:/workutils/jdk1.8.0_45/bin/../jre/bin/server;D:/workutils/jdk1.8.0_45/bin/../jre/bin;D:/workutils/jdk1.8.0_45/bin/../jre/lib/amd64;D:\app\Administrator\product\11.2.0\dbhome_1\bin;C:\Windows\system32;C:\Windows;C:\Windows\System32\Wbem;C:\Windows\System32\WindowsPowerShell\v1.0\;C:\Windows\System32\OpenSSH\;D:\workutils\git\Git\cmd;D:\workutils\git\gitDir\opensource\nodejs\;C:\Users\Administrator\AppData\Local\Microsoft\WindowsApps;D:\workutils\jdk1.8.0_45\bin;C:\Program Files\Java\jdk1.7.0_75\bin;D:\workutils\mysql\mysql\mysql-5.7.20-winx64\bin;D:\workutils\jdk1.8.0_45\bin;E:\spring\gradle\gradle-1.6\bin;C:\Users\Administrator\AppData\Roaming\npm;D:\workutils\git\gitDir\opensource\nodejs\node_modules\npm\bin;;E:\tools\eclipse\newEclipse\eclipse;
USERNAME=Administrator
OS=Windows_NT
PROCESSOR_IDENTIFIER=Intel64 Family 6 Model 158 Stepping 9, GenuineIntel



---------------  S Y S T E M  ---------------

OS: Windows 8.1 , 64 bit Build 9600 

CPU:total 4 (4 cores per cpu, 1 threads per core) family 6 model 158 stepping 9, cmov, cx8, fxsr, mmx, sse, sse2, sse3, ssse3, sse4.1, sse4.2, popcnt, avx, avx2, aes, erms, tsc, tscinvbit

Memory: 4k page, physical 8088208k(345036k free), swap 23662648k(1488k free)

vm_info: Java HotSpot(TM) 64-Bit Server VM (24.75-b04) for windows-amd64 JRE (1.7.0_75-b13), built on Dec 18 2014 17:15:01 by "java_re" with unknown MS VC++:1600

time: Tue Feb 26 09:32:41 2019
elapsed time: 25 seconds

